Using pre-set license
Built from '2020.3/staging' branch; Version is '2020.3.13f1 (71691879b7f5) revision 7432472'; Using compiler version '192528614'; Build Type 'Release'
OS: 'Windows 10 Pro; OS build 19042.1165; Version 2009; 64bit' Language: 'en' Physical Memory: 16272 MB
BatchMode: 1, IsHumanControllingUs: 0, StartBugReporterOnCrash: 0, Is64bit: 1, IsPro: 0

 COMMAND LINE ARGUMENTS:
C:\Program Files\Unity\Hub\Editor\2020.3.13f1\Editor\Unity.exe
-adb2
-batchMode
-noUpm
-name
AssetImportWorker0
-projectPath
C:/Users/berky/OneDrive/Belgeler/GitHub/Unity/My Project/Rpg/Recordings/RPGSystemTutorial-master
-logFile
Logs/AssetImportWorker0.log
-srvPort
56589
Successfully changed project path to: C:/Users/berky/OneDrive/Belgeler/GitHub/Unity/My Project/Rpg/Recordings/RPGSystemTutorial-master
C:/Users/berky/OneDrive/Belgeler/GitHub/Unity/My Project/Rpg/Recordings/RPGSystemTutorial-master
Using Asset Import Pipeline V2.
Refreshing native plugins compatible for Editor in 33.91 ms, found 2 plugins.
Preloading 0 native plugins for Editor in 0.00 ms.
Initialize engine version: 2020.3.13f1 (71691879b7f5)
[Subsystems] Discovering subsystems at path C:/Program Files/Unity/Hub/Editor/2020.3.13f1/Editor/Data/Resources/UnitySubsystems
[Subsystems] Discovering subsystems at path C:/Users/berky/OneDrive/Belgeler/GitHub/Unity/My Project/Rpg/Recordings/RPGSystemTutorial-master/Assets
GfxDevice: creating device client; threaded=0
Direct3D:
    Version:  Direct3D 11.0 [level 11.1]
    Renderer: NVIDIA GeForce GTX 1050 (ID=0x1c8d)
    Vendor:   
    VRAM:     4019 MB
    Driver:   30.0.14.7196
Initialize mono
Mono path[0] = 'C:/Program Files/Unity/Hub/Editor/2020.3.13f1/Editor/Data/Managed'
Mono path[1] = 'C:/Program Files/Unity/Hub/Editor/2020.3.13f1/Editor/Data/MonoBleedingEdge/lib/mono/unityjit'
Mono config path = 'C:/Program Files/Unity/Hub/Editor/2020.3.13f1/Editor/Data/MonoBleedingEdge/etc'
Using monoOptions --debugger-agent=transport=dt_socket,embedding=1,server=y,suspend=n,address=127.0.0.1:56068
Begin MonoManager ReloadAssembly
Registering precompiled unity dll's ...
Register platform support module: C:/Program Files/Unity/Hub/Editor/2020.3.13f1/Editor/Data/PlaybackEngines/WindowsStandaloneSupport/UnityEditor.WindowsStandalone.Extensions.dll
Registered in 0.002398 seconds.
Native extension for WindowsStandalone target not found
Refreshing native plugins compatible for Editor in 34.93 ms, found 2 plugins.
Preloading 0 native plugins for Editor in 0.00 ms.
Mono: successfully reloaded assembly
- Completed reload, in  2.077 seconds
Platform modules already initialized, skipping
Registering precompiled user dll's ...
Registered in 0.005457 seconds.
Begin MonoManager ReloadAssembly
Native extension for WindowsStandalone target not found
Refreshing native plugins compatible for Editor in 0.33 ms, found 2 plugins.
Preloading 0 native plugins for Editor in 0.00 ms.
Mono: successfully reloaded assembly
- Completed reload, in  1.737 seconds
Platform modules already initialized, skipping
========================================================================
Worker process is ready to serve import requests
Launched and connected shader compiler UnityShaderCompiler.exe after 0.06 seconds
Refreshing native plugins compatible for Editor in 0.34 ms, found 2 plugins.
Preloading 0 native plugins for Editor in 0.00 ms.
Unloading 1419 Unused Serialized files (Serialized files now loaded: 0)
System memory in use before: 65.8 MB.
System memory in use after: 65.9 MB.

Unloading 18 unused Assets to reduce memory usage. Loaded Objects now: 1853.
Total: 2.127200 ms (FindLiveObjects: 0.167600 ms CreateObjectMapping: 0.052600 ms MarkObjects: 1.836900 ms  DeleteObjects: 0.069000 ms)

AssetImportParameters requested are different than current active one (requested -> active):
  custom:framework-win-MediaFoundation: 216162199b28c13a410421893ffa2e32 -> 
  custom:video-decoder-ogg-theora: a1e56fd34408186e4bbccfd4996cb3dc -> 
  custom:container-muxer-webm: aa71ff27fc2769a1b78a27578f13a17b -> 
  custom:container-demuxer-webm: 4f35f7cbe854078d1ac9338744f61a02 -> 
  custom:container-demuxer-ogg: 62fdf1f143b41e24485cea50d1cbac27 -> 
  custom:video-encoder-webm-vp8: eb34c28f22e8b96e1ab97ce403110664 -> 
  custom:video-decoder-webm-vp8: 9c59270c3fd7afecdb556c50c9e8de78 -> 
  custom:audio-decoder-ogg-vorbis: bf7c407c2cedff20999df2af8eb42d56 -> 
  custom:audio-encoder-webm-vorbis: bf7c407c2cedff20999df2af8eb42d56 -> 
========================================================================
Received Import Request.
  path: Assets/RPGSystems/Scenes/Tests/UIExperienceBarTest.unity
  artifactKey: Guid(f50abb5049555a748bdbd39ec4cb3f93) Importer(815301076,1909f56bfc062723c751e8b465ee728b)
Start importing Assets/RPGSystems/Scenes/Tests/UIExperienceBarTest.unity using Guid(f50abb5049555a748bdbd39ec4cb3f93) Importer(815301076,1909f56bfc062723c751e8b465ee728b)  -> (artifact id: 'edd4740033c4b49cfa80e7ba32766318') in 0.024146 seconds 
  Import took 0.026728 seconds .

========================================================================
Received Import Request.
  Time since last request: 0.000189 seconds.
  path: Assets/RPGSystems/Scenes/Tests
  artifactKey: Guid(4adcce5361145a246abad9eb2142db66) Importer(815301076,1909f56bfc062723c751e8b465ee728b)
Start importing Assets/RPGSystems/Scenes/Tests using Guid(4adcce5361145a246abad9eb2142db66) Importer(815301076,1909f56bfc062723c751e8b465ee728b)  -> (artifact id: '9311a04a3296a80f1e99f876f0d53e77') in 0.011136 seconds 
  Import took 0.013977 seconds .

========================================================================
Received Import Request.
  Time since last request: 0.000188 seconds.
  path: Assets/RPGSystems
  artifactKey: Guid(98cb83d1226b68e4588414c39f9b1067) Importer(815301076,1909f56bfc062723c751e8b465ee728b)
Start importing Assets/RPGSystems using Guid(98cb83d1226b68e4588414c39f9b1067) Importer(815301076,1909f56bfc062723c751e8b465ee728b)  -> (artifact id: 'b2cc6ef678a7efc117c113a22dec2e89') in 0.010642 seconds 
  Import took 0.013214 seconds .

========================================================================
Received Import Request.
  Time since last request: 0.000178 seconds.
  path: Assets/RPGSystems/Scenes
  artifactKey: Guid(b9960fd99dab8f74ab798c1a2d34e1b1) Importer(815301076,1909f56bfc062723c751e8b465ee728b)
Start importing Assets/RPGSystems/Scenes using Guid(b9960fd99dab8f74ab798c1a2d34e1b1) Importer(815301076,1909f56bfc062723c751e8b465ee728b)  -> (artifact id: '1d52a1768cbe039c9ad797189416eee2') in 0.007101 seconds 
  Import took 0.009508 seconds .

========================================================================
Received Prepare
Registering precompiled user dll's ...
Registered in 0.007753 seconds.
Begin MonoManager ReloadAssembly
Native extension for WindowsStandalone target not found
Refreshing native plugins compatible for Editor in 0.33 ms, found 2 plugins.
Preloading 0 native plugins for Editor in 0.00 ms.
Mono: successfully reloaded assembly
- Completed reload, in  1.326 seconds
Platform modules already initialized, skipping
Refreshing native plugins compatible for Editor in 0.44 ms, found 2 plugins.
Preloading 0 native plugins for Editor in 0.00 ms.
Unloading 1413 Unused Serialized files (Serialized files now loaded: 0)
System memory in use before: 65.7 MB.
System memory in use after: 65.8 MB.

Unloading 13 unused Assets to reduce memory usage. Loaded Objects now: 1856.
Total: 2.373500 ms (FindLiveObjects: 0.156000 ms CreateObjectMapping: 0.049800 ms MarkObjects: 2.113900 ms  DeleteObjects: 0.052800 ms)

AssetImportParameters requested are different than current active one (requested -> active):
  custom:framework-win-MediaFoundation: 216162199b28c13a410421893ffa2e32 -> 
  custom:video-decoder-ogg-theora: a1e56fd34408186e4bbccfd4996cb3dc -> 
  custom:container-muxer-webm: aa71ff27fc2769a1b78a27578f13a17b -> 
  custom:container-demuxer-webm: 4f35f7cbe854078d1ac9338744f61a02 -> 
  custom:container-demuxer-ogg: 62fdf1f143b41e24485cea50d1cbac27 -> 
  custom:video-encoder-webm-vp8: eb34c28f22e8b96e1ab97ce403110664 -> 
  custom:video-decoder-webm-vp8: 9c59270c3fd7afecdb556c50c9e8de78 -> 
  custom:audio-decoder-ogg-vorbis: bf7c407c2cedff20999df2af8eb42d56 -> 
  custom:audio-encoder-webm-vorbis: bf7c407c2cedff20999df2af8eb42d56 -> 
========================================================================
Received Import Request.
  Time since last request: 44.613593 seconds.
  path: Assets/RPGSystems/Scripts/Entities
  artifactKey: Guid(319474de8da3dd94eb5b347689a84a1f) Importer(815301076,1909f56bfc062723c751e8b465ee728b)
Start importing Assets/RPGSystems/Scripts/Entities using Guid(319474de8da3dd94eb5b347689a84a1f) Importer(815301076,1909f56bfc062723c751e8b465ee728b)  -> (artifact id: '4b81338169ae1856eef6d6af7b8f549e') in 0.015018 seconds 
  Import took 0.017650 seconds .

========================================================================
Received Import Request.
  Time since last request: 1.630815 seconds.
  path: Assets/RPGSystems/Scripts/Entities/RPGEntity.cs
  artifactKey: Guid(20039b144e480104b8f95158df75a758) Importer(815301076,1909f56bfc062723c751e8b465ee728b)
Start importing Assets/RPGSystems/Scripts/Entities/RPGEntity.cs using Guid(20039b144e480104b8f95158df75a758) Importer(815301076,1909f56bfc062723c751e8b465ee728b)  -> (artifact id: 'd02f2dc81460f41452f030351e23c292') in 0.032629 seconds 
  Import took 0.035336 seconds .

AssetImportWorkerClient::OnTransportError - code=2 error=End of file
